<?xml version="1.0" encoding="UTF-8"?>
<robot generator="Robot 3.1.2 (Python 3.7.3 on win32)" generated="20190707 13:29:39.030" rpa="false">
<suite id="s1" name="Monscript" source="C:\development\robot-scripts\first-script\tests\monscript.robot">
<test id="s1-t1" name="Guest must sign in to check out">
<kw name="Open Browser" library="SeleniumLibrary">
<doc>Opens a new browser instance to the given ``url``.</doc>
<arguments>
<arg>http://www.amazon.com</arg>
<arg>ie</arg>
</arguments>
<msg timestamp="20190707 13:29:39.647" level="INFO">Opening browser 'ie' to base url 'http://www.amazon.com'.</msg>
<status status="PASS" starttime="20190707 13:29:39.647" endtime="20190707 13:29:44.512"></status>
</kw>
<kw name="Sleep" library="BuiltIn">
<doc>Pauses the test executed for the given time.</doc>
<arguments>
<arg>3sec</arg>
</arguments>
<msg timestamp="20190707 13:29:47.523" level="INFO">Slept 3 seconds</msg>
<status status="PASS" starttime="20190707 13:29:44.513" endtime="20190707 13:29:47.523"></status>
</kw>
<kw name="Input Text" library="SeleniumLibrary">
<doc>Types the given ``text`` into text field identified by ``locator``.</doc>
<arguments>
<arg>id=twotabsearchtextbox</arg>
<arg>rameur concept2</arg>
</arguments>
<msg timestamp="20190707 13:29:47.523" level="INFO">Typing text 'rameur concept2' into text field 'id=twotabsearchtextbox'.</msg>
<status status="PASS" starttime="20190707 13:29:47.523" endtime="20190707 13:29:49.876"></status>
</kw>
<kw name="Click Button" library="SeleniumLibrary">
<doc>Clicks button identified by ``locator``.</doc>
<arguments>
<arg>css=.nav-search-submit &gt; input:nth-child(2)</arg>
</arguments>
<msg timestamp="20190707 13:29:49.876" level="INFO">Clicking button 'css=.nav-search-submit &gt; input:nth-child(2)'.</msg>
<status status="PASS" starttime="20190707 13:29:49.876" endtime="20190707 13:29:52.985"></status>
</kw>
<kw name="Sleep" library="BuiltIn">
<doc>Pauses the test executed for the given time.</doc>
<arguments>
<arg>3sec</arg>
</arguments>
<msg timestamp="20190707 13:29:55.993" level="INFO">Slept 3 seconds</msg>
<status status="PASS" starttime="20190707 13:29:52.985" endtime="20190707 13:29:55.993"></status>
</kw>
<kw name="Close Browser" library="SeleniumLibrary">
<doc>Closes the current browser.</doc>
<status status="PASS" starttime="20190707 13:29:55.993" endtime="20190707 13:29:59.148"></status>
</kw>
<doc>Present some information about this test case</doc>
<tags>
<tag>Smoke</tag>
</tags>
<status status="PASS" starttime="20190707 13:29:39.647" endtime="20190707 13:29:59.148" critical="yes"></status>
</test>
<doc>Present some information about this test suite</doc>
<status status="PASS" starttime="20190707 13:29:39.046" endtime="20190707 13:29:59.155"></status>
</suite>
<statistics>
<total>
<stat pass="1" fail="0">Critical Tests</stat>
<stat pass="1" fail="0">All Tests</stat>
</total>
<tag>
<stat pass="1" fail="0">Smoke</stat>
</tag>
<suite>
<stat pass="1" fail="0" id="s1" name="Monscript">Monscript</stat>
</suite>
</statistics>
<errors>
</errors>
</robot>
